src/controllers/auth.controller.ts(49,42): error TS2339: Property 'errors' does not exist on type 'ZodError<{ name: string; email: string; password: string; role?: "admin" | "manager" | "member" | undefined; }>'.
src/controllers/comment.controller.ts(10,43): error TS2322: Type 'string' is not assignable to type 'Condition<ApplyBasicQueryCasting<ObjectId>> | undefined'.
src/controllers/comment.controller.ts(28,42): error TS2339: Property 'errors' does not exist on type 'ZodError<{ content: string; }>'.
src/controllers/comment.controller.ts(41,9): error TS2769: No overload matches this call.
  Overload 1 of 5, '(docs: { content?: StringQueryTypeCasting | undefined; task?: { readonly schemaName?: "ObjectId" | undefined; auto?: ((turnOn: boolean) => ObjectId) | undefined; ... 24 more ...; validateAll?: ((validators: (RegExp | ... 1 more ... | Validator<...>)[]) => ObjectId) | undefined; } | undefined; ... 57 more ...; validateSync?: { ...; } | undefined; }[], options?: CreateOptions | undefined): Promise<...>', gave the following error.
    Object literal may only specify known properties, and 'content' does not exist in type '{ content?: StringQueryTypeCasting | undefined; task?: { readonly schemaName?: "ObjectId" | undefined; auto?: ((turnOn: boolean) => ObjectId) | undefined; ... 24 more ...; validateAll?: ((validators: (RegExp | ... 1 more ... | Validator<...>)[]) => ObjectId) | undefined; } | undefined; ... 57 more ...; validateSync?...'.
src/controllers/comment.controller.ts(46,44): error TS2339: Property 'populate' does not exist on type 'never'.
src/controllers/project.controller.ts(10,17): error TS2322: Type 'ObjectId | undefined' is not assignable to type 'Condition<ApplyBasicQueryCasting<ObjectId> | undefined>'.
  Type 'ObjectId' is not assignable to type 'Condition<ApplyBasicQueryCasting<ObjectId> | undefined>'.
    Type 'ObjectId' is not assignable to type 'FilterOperators<ObjectId | ObjectId[] | null | undefined>'.
      Types of property 'id' are incompatible.
        Type 'Uint8Array<ArrayBufferLike>' is not assignable to type 'undefined'.
src/controllers/project.controller.ts(10,43): error TS2322: Type 'ObjectId | undefined' is not assignable to type 'Condition<ApplyBasicQueryCasting<ObjectId[]> | undefined>'.
  Type 'ObjectId' is not assignable to type 'Condition<ApplyBasicQueryCasting<ObjectId[]> | undefined>'.
    Type 'ObjectId' is not assignable to type 'FilterOperators<ObjectId | ObjectId[] | ObjectId[][] | null | undefined>'.
      Types of property 'id' are incompatible.
        Type 'Uint8Array<ArrayBufferLike>' is not assignable to type 'undefined'.
src/controllers/project.controller.ts(28,39): error TS2339: Property '_id' does not exist on type 'ObjectId'.
src/controllers/project.controller.ts(58,42): error TS2339: Property 'errors' does not exist on type 'ZodError<{ name: string; description?: string | undefined; members?: string[] | undefined; startDate?: string | undefined; endDate?: string | undefined; }>'.
src/controllers/project.controller.ts(63,35): error TS2769: No overload matches this call.
  Overload 1 of 5, '(docs: { name?: StringQueryTypeCasting | undefined; description?: StringQueryTypeCasting | undefined; owner?: { readonly schemaName?: "ObjectId" | undefined; ... 25 more ...; validateAll?: ((validators: (RegExp | ... 1 more ... | Validator<...>)[]) => ObjectId) | undefined; } | undefined; ... 60 more ...; validateSync?: { ...; } | undefined; }[], options?: CreateOptions | undefined): Promise<...>', gave the following error.
    Object literal may only specify known properties, and 'name' does not exist in type '{ name?: StringQueryTypeCasting | undefined; description?: StringQueryTypeCasting | undefined; owner?: { readonly schemaName?: "ObjectId" | undefined; ... 25 more ...; validateAll?: ((validators: (RegExp | ... 1 more ... | Validator<...>)[]) => ObjectId) | undefined; } | undefined; ... 60 more ...; validateSync?: { ...'.
  Overload 2 of 5, '(doc: { name?: StringQueryTypeCasting | undefined; description?: StringQueryTypeCasting | undefined; owner?: { readonly schemaName?: "ObjectId" | undefined; ... 25 more ...; validateAll?: ((validators: (RegExp | ... 1 more ... | Validator<...>)[]) => ObjectId) | undefined; } | undefined; ... 60 more ...; validateSync?: { ...; } | undefined; }): Promise<...>', gave the following error.
    Type 'ObjectId | undefined' is not assignable to type '{ readonly schemaName?: "ObjectId" | undefined; auto?: ((turnOn: boolean) => ObjectId) | undefined; $conditionalHandlers?: { [x: string]: ((val: any, context: any) => any) | undefined; } | undefined; ... 23 more ...; validateAll?: ((validators: (RegExp | ... 1 more ... | Validator<...>)[]) => ObjectId) | undefined; ...'.
      Type 'ObjectId' has no properties in common with type '{ readonly schemaName?: "ObjectId" | undefined; auto?: ((turnOn: boolean) => ObjectId) | undefined; $conditionalHandlers?: { [x: string]: ((val: any, context: any) => any) | undefined; } | undefined; ... 23 more ...; validateAll?: ((validators: (RegExp | ... 1 more ... | Validator<...>)[]) => ObjectId) | undefined; }'.
  Overload 3 of 5, '(...docs: { name?: StringQueryTypeCasting | undefined; description?: StringQueryTypeCasting | undefined; owner?: { readonly schemaName?: "ObjectId" | undefined; ... 25 more ...; validateAll?: ((validators: (RegExp | ... 1 more ... | Validator<...>)[]) => ObjectId) | undefined; } | undefined; ... 60 more ...; validateSync?: { ...; } | undefined; }[]): Promise<...>', gave the following error.
    Type 'ObjectId | undefined' is not assignable to type '{ readonly schemaName?: "ObjectId" | undefined; auto?: ((turnOn: boolean) => ObjectId) | undefined; $conditionalHandlers?: { [x: string]: ((val: any, context: any) => any) | undefined; } | undefined; ... 23 more ...; validateAll?: ((validators: (RegExp | ... 1 more ... | Validator<...>)[]) => ObjectId) | undefined; ...'.
      Type 'ObjectId' has no properties in common with type '{ readonly schemaName?: "ObjectId" | undefined; auto?: ((turnOn: boolean) => ObjectId) | undefined; $conditionalHandlers?: { [x: string]: ((val: any, context: any) => any) | undefined; } | undefined; ... 23 more ...; validateAll?: ((validators: (RegExp | ... 1 more ... | Validator<...>)[]) => ObjectId) | undefined; }'.
src/controllers/sprint.controller.ts(10,41): error TS2322: Type 'string' is not assignable to type 'Condition<ApplyBasicQueryCasting<ObjectId>> | undefined'.
src/controllers/sprint.controller.ts(28,42): error TS2339: Property 'errors' does not exist on type 'ZodError<{ name: string; startDate: string; endDate: string; }>'.
src/controllers/sprint.controller.ts(41,47): error TS2322: Type 'string' is not assignable to type 'Condition<ApplyBasicQueryCasting<ObjectId>> | undefined'.
src/controllers/sprint.controller.ts(46,33): error TS2769: No overload matches this call.
  Overload 1 of 5, '(docs: { name?: StringQueryTypeCasting | undefined; startDate?: DateQueryTypeCasting | undefined; endDate?: DateQueryTypeCasting | undefined; ... 59 more ...; validateSync?: { ...; } | undefined; }[], options?: CreateOptions | undefined): Promise<...>', gave the following error.
    Object literal may only specify known properties, and 'name' does not exist in type '{ name?: StringQueryTypeCasting | undefined; startDate?: DateQueryTypeCasting | undefined; endDate?: DateQueryTypeCasting | undefined; ... 59 more ...; validateSync?: { ...; } | undefined; }[]'.
  Overload 2 of 5, '(doc: { name?: StringQueryTypeCasting | undefined; startDate?: DateQueryTypeCasting | undefined; endDate?: DateQueryTypeCasting | undefined; ... 59 more ...; validateSync?: { ...; } | undefined; }): Promise<...>', gave the following error.
    Type 'string' has no properties in common with type '{ readonly schemaName?: "ObjectId" | undefined; auto?: ((turnOn: boolean) => ObjectId) | undefined; $conditionalHandlers?: { [x: string]: ((val: any, context: any) => any) | undefined; } | undefined; ... 23 more ...; validateAll?: ((validators: (RegExp | ... 1 more ... | Validator<...>)[]) => ObjectId) | undefined; }'.
  Overload 3 of 5, '(...docs: { name?: StringQueryTypeCasting | undefined; startDate?: DateQueryTypeCasting | undefined; endDate?: DateQueryTypeCasting | undefined; ... 59 more ...; validateSync?: { ...; } | undefined; }[]): Promise<...>', gave the following error.
    Type 'string' has no properties in common with type '{ readonly schemaName?: "ObjectId" | undefined; auto?: ((turnOn: boolean) => ObjectId) | undefined; $conditionalHandlers?: { [x: string]: ((val: any, context: any) => any) | undefined; } | undefined; ... 23 more ...; validateAll?: ((validators: (RegExp | ... 1 more ... | Validator<...>)[]) => ObjectId) | undefined; }'.
src/models/user.model.ts(34,9): error TS2349: This expression is not callable.
  Type 'SaveOptions' has no call signatures.
src/seeder.ts(46,13): error TS2769: No overload matches this call.
  Overload 1 of 5, '(docs: { name?: StringQueryTypeCasting | undefined; description?: StringQueryTypeCasting | undefined; owner?: { readonly schemaName?: "ObjectId" | undefined; ... 25 more ...; validateAll?: ((validators: (RegExp | ... 1 more ... | Validator<...>)[]) => ObjectId) | undefined; } | undefined; ... 60 more ...; validateSync?: { ...; } | undefined; }[], options?: CreateOptions | undefined): Promise<...>', gave the following error.
    Object literal may only specify known properties, and 'name' does not exist in type '{ name?: StringQueryTypeCasting | undefined; description?: StringQueryTypeCasting | undefined; owner?: { readonly schemaName?: "ObjectId" | undefined; ... 25 more ...; validateAll?: ((validators: (RegExp | ... 1 more ... | Validator<...>)[]) => ObjectId) | undefined; } | undefined; ... 60 more ...; validateSync?: { ...'.
src/seeder.ts(58,30): error TS2339: Property '_id' does not exist on type 'never'.
src/seeder.ts(64,13): error TS2769: No overload matches this call.
  Overload 1 of 5, '(docs: { title?: StringQueryTypeCasting | undefined; description?: StringQueryTypeCasting | undefined; project?: { readonly schemaName?: "ObjectId" | undefined; ... 25 more ...; validateAll?: ((validators: (RegExp | ... 1 more ... | Validator<...>)[]) => ObjectId) | undefined; } | undefined; ... 64 more ...; validateSync?: { ...; } | undefined; }[], options?: CreateOptions | undefined): Promise<...>', gave the following error.
    Object literal may only specify known properties, and 'title' does not exist in type '{ title?: StringQueryTypeCasting | undefined; description?: StringQueryTypeCasting | undefined; project?: { readonly schemaName?: "ObjectId" | undefined; ... 25 more ...; validateAll?: ((validators: (RegExp | ... 1 more ... | Validator<...>)[]) => ObjectId) | undefined; } | undefined; ... 64 more ...; validateSync?:...'.
src/seeder.ts(66,30): error TS2339: Property '_id' does not exist on type 'never'.
